<?xml version="1.0" encoding="UTF-8"?>
<!-- Generated by org.testng.reporters.JUnitReportReporter -->
<testsuite hostname="Adet" failures="0" tests="16" name="openLink.SeleniumTest" time="7.750" errors="0" timestamp="2021-02-07T20:18:09 CET" skipped="0">
  <testcase classname="openLink.SeleniumTest" name="clickHideBtn" time="0.172"/>
  <system-out/>
  <testcase classname="openLink.SeleniumTest" name="isEmuCheckBoxDisabled" time="0.035"/>
  <system-out/>
  <testcase classname="openLink.SeleniumTest" name="checkNumberOfCheckboxes" time="0.028"/>
  <system-out/>
  <testcase classname="openLink.SeleniumTest" name="selectRadioBtnJezevaKucica" time="0.182"/>
  <system-out/>
  <testcase classname="openLink.SeleniumTest" name="selectTurskiFromDropdownNahlaCourses" time="0.214"/>
  <system-out/>
  <testcase classname="openLink.SeleniumTest" name="clickPromptBoxGetTextAfterCancel" time="0.230"/>
  <system-out/>
  <testcase classname="openLink.SeleniumTest" name="checkPromptBoxAndText" time="0.201"/>
  <system-out/>
  <testcase classname="openLink.SeleniumTest" name="getTableNumberRowsCols" time="0.036"/>
  <system-out/>
  <testcase classname="openLink.SeleniumTest" name="getTableNumberRowsExcludeTitle" time="0.019"/>
  <system-out/>
  <testcase classname="openLink.SeleniumTest" name="getNamesForStudentsInEnglishCourse" time="0.143"/>
  <system-out/>
  <testcase classname="openLink.SeleniumTest" name="openNewWindowNahlaPage" time="4.253"/>
  <system-out/>
  <testcase classname="openLink.SeleniumTest" name="listOfDragAndDropElements" time="0.041"/>
  <system-out/>
  <testcase classname="openLink.SeleniumTest" name="dragAndDrop" time="0.709"/>
  <system-out/>
  <testcase classname="openLink.SeleniumTest" name="mouseOver" time="0.494"/>
  <system-out/>
  <testcase classname="openLink.SeleniumTest" name="clickOnVolontirajLink" time="0.985"/>
  <system-out/>
  <testcase classname="openLink.SeleniumTest" name="getCurrentUrl" time="0.008"/>
  <system-out/>
</testsuite> <!-- openLink.SeleniumTest -->
